z:\cd-writer\debug\vc142.pdb
z:\cd-writer\debug\util.obj
z:\cd-writer\debug\rawwriter2event.obj
z:\cd-writer\debug\rawwriter.obj
z:\cd-writer\debug\listallrecorders.obj
z:\cd-writer\debug\getdiscrecorder.obj
z:\cd-writer\debug\erasemedia.obj
z:\cd-writer\debug\erase2event.obj
z:\cd-writer\debug\discmaster2event.obj
z:\cd-writer\debug\datawriter2event.obj
z:\cd-writer\debug\datawriter.obj
z:\cd-writer\debug\consoleutil.obj
z:\cd-writer\debug\cdwriter.obj
z:\cd-writer\debug\audiowriter.obj
z:\cd-writer\debug\audioevent.obj
z:\cd-writer\debug\cdwriter.ilk
z:\cd-writer\debug\cdwriter.exe
z:\cd-writer\debug\cdwriter.pdb
z:\cd-writer\debug\cdwriter.res
z:\cd-writer\debug\cdwriter.tlog\cl.command.1.tlog
z:\cd-writer\debug\cdwriter.tlog\cl.read.1.tlog
z:\cd-writer\debug\cdwriter.tlog\cl.write.1.tlog
z:\cd-writer\debug\cdwriter.tlog\link.command.1.tlog
z:\cd-writer\debug\cdwriter.tlog\link.read.1.tlog
z:\cd-writer\debug\cdwriter.tlog\link.write.1.tlog
z:\cd-writer\debug\cdwriter.tlog\rc.command.1.tlog
z:\cd-writer\debug\cdwriter.tlog\rc.read.1.tlog
z:\cd-writer\debug\cdwriter.tlog\rc.write.1.tlog
