  AudioEvent.cpp
  consoleUtil.cpp
  DataWriter2Event.cpp
  DiscMaster2Event.cpp
  erase.cpp
  Erase2Event.cpp
  imapi2sample.cpp
Z:\HPE Work\Win7SamplesImapi\imapi\imapi2sample\imapi2sample.cpp(1316,13): warning C4477: 'printf' : format string '%s' requires an argument of type 'char *', but variadic argument 1 has type 'WCHAR *'
Z:\HPE Work\Win7SamplesImapi\imapi\imapi2sample\imapi2sample.cpp(1316,13): message : consider using '%ls' in the format string
Z:\HPE Work\Win7SamplesImapi\imapi\imapi2sample\imapi2sample.cpp(1316,13): message : consider using '%lls' in the format string
Z:\HPE Work\Win7SamplesImapi\imapi\imapi2sample\imapi2sample.cpp(1316,13): message : consider using '%Ls' in the format string
Z:\HPE Work\Win7SamplesImapi\imapi\imapi2sample\imapi2sample.cpp(1316,13): message : consider using '%ws' in the format string
Z:\HPE Work\Win7SamplesImapi\imapi\imapi2sample\imapi2sample.cpp(1605,13): warning C4477: 'printf' : format string '%s' requires an argument of type 'char *', but variadic argument 1 has type 'WCHAR *'
Z:\HPE Work\Win7SamplesImapi\imapi\imapi2sample\imapi2sample.cpp(1605,13): message : consider using '%ls' in the format string
Z:\HPE Work\Win7SamplesImapi\imapi\imapi2sample\imapi2sample.cpp(1605,13): message : consider using '%lls' in the format string
Z:\HPE Work\Win7SamplesImapi\imapi\imapi2sample\imapi2sample.cpp(1605,13): message : consider using '%Ls' in the format string
Z:\HPE Work\Win7SamplesImapi\imapi\imapi2sample\imapi2sample.cpp(1605,13): message : consider using '%ws' in the format string
  util.cpp
Z:\HPE Work\Win7SamplesImapi\imapi\imapi2sample\util.cpp(26,16): warning C4477: 'printf' : format string '%s' requires an argument of type 'char *', but variadic argument 2 has type 'LPVOID'
Z:\HPE Work\Win7SamplesImapi\imapi\imapi2sample\util.cpp(42,20): warning C4477: 'printf' : format string '%s' requires an argument of type 'char *', but variadic argument 2 has type 'LPVOID'
Z:\HPE Work\Win7SamplesImapi\imapi\imapi2sample\util.cpp(59,20): warning C4477: 'printf' : format string '%s' requires an argument of type 'char *', but variadic argument 2 has type 'LPVOID'
  Generating code
  379 of 393 functions (96.4%) were compiled, the rest were copied from previous compilation.
    39 functions were new in current compilation
    6 functions had inline decision re-evaluated but remain unchanged
  Finished generating code
  imapi2sample.vcxproj -> Z:\HPE Work\Win7SamplesImapi\imapi\imapi2sample\Release\imapi2sample.exe
